<?xml version="1.0" encoding="UTF-8"?>
<!-- Generated by org.testng.reporters.JUnitXMLReporter -->
<testsuite hostname="LAPTOP-I3ABMITL" name="BankingApp" tests="1" failures="1" timestamp="10 May 2021 14:55:21 GMT" time="4.011" errors="0">
  <testcase name="loginTest" time="0.013" classname="com.may.testCases.TCLogin001">
    <failure type="java.lang.Error" message="Unresolved compilation problem: 
	The method setUsername() in the type LoginPageObjects is not applicable for the arguments (String)
">
      <![CDATA[java.lang.Error: Unresolved compilation problem: 
	The method setUsername() in the type LoginPageObjects is not applicable for the arguments (String)

	at com.may.testCases.TCLogin001.loginTest(TCLogin001.java:14)
... Removed 25 stack frames]]>
    </failure>
  </testcase> <!-- loginTest -->
</testsuite> <!-- BankingApp -->
