<?xml version="1.0" encoding="UTF-8"?>
<testng-results skipped="0" failed="0" total="2" passed="2">
  <reporter-output>
  </reporter-output>
  <suite name="InetBanking" duration-ms="16800" started-at="2021-05-11T07:56:26Z" finished-at="2021-05-11T07:56:43Z">
    <groups>
    </groups>
    <test name="BankingApp" duration-ms="16800" started-at="2021-05-11T07:56:26Z" finished-at="2021-05-11T07:56:43Z">
      <class name="com.may.testCases.TCLogin002">
        <test-method status="PASS" signature="setUp(java.lang.String)[pri:0, instance:com.may.testCases.TCLogin002@7ac7a4e4]" name="setUp" is-config="true" duration-ms="3206" started-at="2021-05-11T09:56:32Z" finished-at="2021-05-11T09:56:35Z">
          <params>
            <param index="0">
              <value>
                <![CDATA[chrome]]>
              </value>
            </param>
          </params>
          <reporter-output>
          </reporter-output>
        </test-method> <!-- setUp -->
        <test-method status="PASS" signature="TCLogin()[pri:0, instance:com.may.testCases.TCLogin002@7ac7a4e4]" name="TCLogin" duration-ms="7266" started-at="2021-05-11T09:56:35Z" finished-at="2021-05-11T09:56:42Z">
          <reporter-output>
          </reporter-output>
        </test-method> <!-- TCLogin -->
        <test-method status="PASS" signature="tearDown()[pri:0, instance:com.may.testCases.TCLogin002@7ac7a4e4]" name="tearDown" is-config="true" duration-ms="666" started-at="2021-05-11T09:56:42Z" finished-at="2021-05-11T09:56:43Z">
          <reporter-output>
          </reporter-output>
        </test-method> <!-- tearDown -->
      </class> <!-- com.may.testCases.TCLogin002 -->
      <class name="com.may.testCases.TCLogin001">
        <test-method status="PASS" signature="setUp(java.lang.String)[pri:0, instance:com.may.testCases.TCLogin001@548b7f67]" name="setUp" is-config="true" duration-ms="3458" started-at="2021-05-11T09:56:26Z" finished-at="2021-05-11T09:56:30Z">
          <params>
            <param index="0">
              <value>
                <![CDATA[chrome]]>
              </value>
            </param>
          </params>
          <reporter-output>
          </reporter-output>
        </test-method> <!-- setUp -->
        <test-method status="PASS" signature="loginTest()[pri:0, instance:com.may.testCases.TCLogin001@548b7f67]" name="loginTest" duration-ms="1401" started-at="2021-05-11T09:56:30Z" finished-at="2021-05-11T09:56:31Z">
          <reporter-output>
          </reporter-output>
        </test-method> <!-- loginTest -->
        <test-method status="PASS" signature="tearDown()[pri:0, instance:com.may.testCases.TCLogin001@548b7f67]" name="tearDown" is-config="true" duration-ms="792" started-at="2021-05-11T09:56:31Z" finished-at="2021-05-11T09:56:32Z">
          <reporter-output>
          </reporter-output>
        </test-method> <!-- tearDown -->
      </class> <!-- com.may.testCases.TCLogin001 -->
    </test> <!-- BankingApp -->
  </suite> <!-- InetBanking -->
</testng-results>
